Starting migrations... 
D:\Desktop\VillageWaterSystem\backend\venv\Lib\site-packages\rest_framework_simplejwt\__init__.py:1: UserWarning: pkg_resources is deprecated as an API. See https://setuptools.pypa.io/en/latest/pkg_resources.html. The pkg_resources package is slated for removal as early as 2025-11-30. Refrain from using this package or pin to Setuptools<81.
  from pkg_resources import DistributionNotFound, get_distribution
Migrations for 'api':
  api\migrations\0004_payment_submitted_by.py
    - Add field submitted_by to payment
Make migrations finished with code 0 
D:\Desktop\VillageWaterSystem\backend\venv\Lib\site-packages\rest_framework_simplejwt\__init__.py:1: UserWarning: pkg_resources is deprecated as an API. See https://setuptools.pypa.io/en/latest/pkg_resources.html. The pkg_resources package is slated for removal as early as 2025-11-30. Refrain from using this package or pin to Setuptools<81.
  from pkg_resources import DistributionNotFound, get_distribution
Operations to perform:
  Apply all migrations: admin, api, auth, contenttypes, sessions
Running migrations:
  Applying api.0003_payment_submitted_by_alter_payment_received_by_and_more... OK
  Applying api.0004_payment_submitted_by...Traceback (most recent call last):
  File "D:\Desktop\VillageWaterSystem\backend\venv\Lib\site-packages\django\db\backends\utils.py", line 89, in _execute
    return self.cursor.execute(sql, params)
           ~~~~~~~~~~~~~~~~~~~^^^^^^^^^^^^^
  File "D:\Desktop\VillageWaterSystem\backend\venv\Lib\site-packages\django\db\backends\mysql\base.py", line 75, in execute
    return self.cursor.execute(query, args)
           ~~~~~~~~~~~~~~~~~~~^^^^^^^^^^^^^
  File "D:\Desktop\VillageWaterSystem\backend\venv\Lib\site-packages\pymysql\cursors.py", line 153, in execute
    result = self._query(query)
  File "D:\Desktop\VillageWaterSystem\backend\venv\Lib\site-packages\pymysql\cursors.py", line 322, in _query
    conn.query(q)
    ~~~~~~~~~~^^^
  File "D:\Desktop\VillageWaterSystem\backend\venv\Lib\site-packages\pymysql\connections.py", line 575, in query
    self._affected_rows = self._read_query_result(unbuffered=unbuffered)
                          ~~~~~~~~~~~~~~~~~~~~~~~^^^^^^^^^^^^^^^^^^^^^^^
  File "D:\Desktop\VillageWaterSystem\backend\venv\Lib\site-packages\pymysql\connections.py", line 826, in _read_query_result
    result.read()
    ~~~~~~~~~~~^^
  File "D:\Desktop\VillageWaterSystem\backend\venv\Lib\site-packages\pymysql\connections.py", line 1203, in read
    first_packet = self.connection._read_packet()
  File "D:\Desktop\VillageWaterSystem\backend\venv\Lib\site-packages\pymysql\connections.py", line 782, in _read_packet
    packet.raise_for_error()
    ~~~~~~~~~~~~~~~~~~~~~~^^
  File "D:\Desktop\VillageWaterSystem\backend\venv\Lib\site-packages\pymysql\protocol.py", line 219, in raise_for_error
    err.raise_mysql_exception(self._data)
    ~~~~~~~~~~~~~~~~~~~~~~~~~^^^^^^^^^^^^
  File "D:\Desktop\VillageWaterSystem\backend\venv\Lib\site-packages\pymysql\err.py", line 150, in raise_mysql_exception
    raise errorclass(errno, errval)
pymysql.err.OperationalError: (1060, "Duplicate column name 'submitted_by_id'")

The above exception was the direct cause of the following exception:

Traceback (most recent call last):
  File "D:\Desktop\VillageWaterSystem\backend\manage.py", line 22, in <module>
    main()
    ~~~~^^
  File "D:\Desktop\VillageWaterSystem\backend\manage.py", line 18, in main
    execute_from_command_line(sys.argv)
    ~~~~~~~~~~~~~~~~~~~~~~~~~^^^^^^^^^^
  File "D:\Desktop\VillageWaterSystem\backend\venv\Lib\site-packages\django\core\management\__init__.py", line 442, in execute_from_command_line
    utility.execute()
    ~~~~~~~~~~~~~~~^^
  File "D:\Desktop\VillageWaterSystem\backend\venv\Lib\site-packages\django\core\management\__init__.py", line 436, in execute
    self.fetch_command(subcommand).run_from_argv(self.argv)
    ~~~~~~~~~~~~~~~~~~~~~~~~~~~~~~~~~~~~~~~~~~~~^^^^^^^^^^^
  File "D:\Desktop\VillageWaterSystem\backend\venv\Lib\site-packages\django\core\management\base.py", line 412, in run_from_argv
    self.execute(*args, **cmd_options)
    ~~~~~~~~~~~~^^^^^^^^^^^^^^^^^^^^^^
  File "D:\Desktop\VillageWaterSystem\backend\venv\Lib\site-packages\django\core\management\base.py", line 458, in execute
    output = self.handle(*args, **options)
  File "D:\Desktop\VillageWaterSystem\backend\venv\Lib\site-packages\django\core\management\base.py", line 106, in wrapper
    res = handle_func(*args, **kwargs)
  File "D:\Desktop\VillageWaterSystem\backend\venv\Lib\site-packages\django\core\management\commands\migrate.py", line 356, in handle
    post_migrate_state = executor.migrate(
        targets,
    ...<3 lines>...
        fake_initial=fake_initial,
    )
  File "D:\Desktop\VillageWaterSystem\backend\venv\Lib\site-packages\django\db\migrations\executor.py", line 135, in migrate
    state = self._migrate_all_forwards(
        state, plan, full_plan, fake=fake, fake_initial=fake_initial
    )
  File "D:\Desktop\VillageWaterSystem\backend\venv\Lib\site-packages\django\db\migrations\executor.py", line 167, in _migrate_all_forwards
    state = self.apply_migration(
        state, migration, fake=fake, fake_initial=fake_initial
    )
  File "D:\Desktop\VillageWaterSystem\backend\venv\Lib\site-packages\django\db\migrations\executor.py", line 252, in apply_migration
    state = migration.apply(state, schema_editor)
  File "D:\Desktop\VillageWaterSystem\backend\venv\Lib\site-packages\django\db\migrations\migration.py", line 132, in apply
    operation.database_forwards(
    ~~~~~~~~~~~~~~~~~~~~~~~~~~~^
        self.app_label, schema_editor, old_state, project_state
        ^^^^^^^^^^^^^^^^^^^^^^^^^^^^^^^^^^^^^^^^^^^^^^^^^^^^^^^
    )
    ^
  File "D:\Desktop\VillageWaterSystem\backend\venv\Lib\site-packages\django\db\migrations\operations\fields.py", line 108, in database_forwards
    schema_editor.add_field(
    ~~~~~~~~~~~~~~~~~~~~~~~^
        from_model,
        ^^^^^^^^^^^
        field,
        ^^^^^^
    )
    ^
  File "D:\Desktop\VillageWaterSystem\backend\venv\Lib\site-packages\django\db\backends\mysql\schema.py", line 107, in add_field
    super().add_field(model, field)
    ~~~~~~~~~~~~~~~~~^^^^^^^^^^^^^^
  File "D:\Desktop\VillageWaterSystem\backend\venv\Lib\site-packages\django\db\backends\base\schema.py", line 712, in add_field
    self.execute(sql, params)
    ~~~~~~~~~~~~^^^^^^^^^^^^^
  File "D:\Desktop\VillageWaterSystem\backend\venv\Lib\site-packages\django\db\backends\base\schema.py", line 201, in execute
    cursor.execute(sql, params)
    ~~~~~~~~~~~~~~^^^^^^^^^^^^^
  File "D:\Desktop\VillageWaterSystem\backend\venv\Lib\site-packages\django\db\backends\utils.py", line 102, in execute
    return super().execute(sql, params)
           ~~~~~~~~~~~~~~~^^^^^^^^^^^^^
  File "D:\Desktop\VillageWaterSystem\backend\venv\Lib\site-packages\django\db\backends\utils.py", line 67, in execute
    return self._execute_with_wrappers(
           ~~~~~~~~~~~~~~~~~~~~~~~~~~~^
        sql, params, many=False, executor=self._execute
        ^^^^^^^^^^^^^^^^^^^^^^^^^^^^^^^^^^^^^^^^^^^^^^^
    )
    ^
  File "D:\Desktop\VillageWaterSystem\backend\venv\Lib\site-packages\django\db\backends\utils.py", line 80, in _execute_with_wrappers
    return executor(sql, params, many, context)
  File "D:\Desktop\VillageWaterSystem\backend\venv\Lib\site-packages\django\db\backends\utils.py", line 84, in _execute
    with self.db.wrap_database_errors:
         ^^^^^^^^^^^^^^^^^^^^^^^^^^^^
  File "D:\Desktop\VillageWaterSystem\backend\venv\Lib\site-packages\django\db\utils.py", line 91, in __exit__
    raise dj_exc_value.with_traceback(traceback) from exc_value
  File "D:\Desktop\VillageWaterSystem\backend\venv\Lib\site-packages\django\db\backends\utils.py", line 89, in _execute
    return self.cursor.execute(sql, params)
           ~~~~~~~~~~~~~~~~~~~^^^^^^^^^^^^^
  File "D:\Desktop\VillageWaterSystem\backend\venv\Lib\site-packages\django\db\backends\mysql\base.py", line 75, in execute
    return self.cursor.execute(query, args)
           ~~~~~~~~~~~~~~~~~~~^^^^^^^^^^^^^
  File "D:\Desktop\VillageWaterSystem\backend\venv\Lib\site-packages\pymysql\cursors.py", line 153, in execute
    result = self._query(query)
  File "D:\Desktop\VillageWaterSystem\backend\venv\Lib\site-packages\pymysql\cursors.py", line 322, in _query
    conn.query(q)
    ~~~~~~~~~~^^^
  File "D:\Desktop\VillageWaterSystem\backend\venv\Lib\site-packages\pymysql\connections.py", line 575, in query
    self._affected_rows = self._read_query_result(unbuffered=unbuffered)
                          ~~~~~~~~~~~~~~~~~~~~~~~^^^^^^^^^^^^^^^^^^^^^^^
  File "D:\Desktop\VillageWaterSystem\backend\venv\Lib\site-packages\pymysql\connections.py", line 826, in _read_query_result
    result.read()
    ~~~~~~~~~~~^^
  File "D:\Desktop\VillageWaterSystem\backend\venv\Lib\site-packages\pymysql\connections.py", line 1203, in read
    first_packet = self.connection._read_packet()
  File "D:\Desktop\VillageWaterSystem\backend\venv\Lib\site-packages\pymysql\connections.py", line 782, in _read_packet
    packet.raise_for_error()
    ~~~~~~~~~~~~~~~~~~~~~~^^
  File "D:\Desktop\VillageWaterSystem\backend\venv\Lib\site-packages\pymysql\protocol.py", line 219, in raise_for_error
    err.raise_mysql_exception(self._data)
    ~~~~~~~~~~~~~~~~~~~~~~~~~^^^^^^^^^^^^
  File "D:\Desktop\VillageWaterSystem\backend\venv\Lib\site-packages\pymysql\err.py", line 150, in raise_mysql_exception
    raise errorclass(errno, errval)
django.db.utils.OperationalError: (1060, "Duplicate column name 'submitted_by_id'")
Migrate finished with code 1 
Done. 
